<?xml version="1.0" encoding="UTF-8"?>
<testsuite xmlns:xsi="http://www.w3.org/2001/XMLSchema-instance" xsi:noNamespaceSchemaLocation="https://maven.apache.org/surefire/maven-surefire-plugin/xsd/surefire-test-report.xsd" name="tests.IsValidRegistrationTest" time="1.287" tests="3" errors="0" skipped="0" failures="1">
  <properties>
    <property name="java.specification.version" value="13"/>
    <property name="sun.cpu.isalist" value="amd64"/>
    <property name="sun.jnu.encoding" value="Cp1252"/>
    <property name="java.class.path" value="C:\Users\I518189\Documents\ATdIT\ATdITGruppe2\repository\ATdITGruppe2\ATdITGruppe2Maven\target\test-classes;C:\Users\I518189\Documents\ATdIT\ATdITGruppe2\repository\ATdITGruppe2\ATdITGruppe2Maven\target\classes;C:\Users\I518189\.m2\repository\org\junit\jupiter\junit-jupiter-api\5.4.2\junit-jupiter-api-5.4.2.jar;C:\Users\I518189\.m2\repository\org\apiguardian\apiguardian-api\1.0.0\apiguardian-api-1.0.0.jar;C:\Users\I518189\.m2\repository\org\opentest4j\opentest4j\1.1.1\opentest4j-1.1.1.jar;C:\Users\I518189\.m2\repository\org\junit\platform\junit-platform-commons\1.4.2\junit-platform-commons-1.4.2.jar;C:\Users\I518189\.m2\repository\org\junit\jupiter\junit-jupiter-engine\5.4.2\junit-jupiter-engine-5.4.2.jar;C:\Users\I518189\.m2\repository\org\junit\platform\junit-platform-engine\1.4.2\junit-platform-engine-1.4.2.jar;C:\Users\I518189\.m2\repository\org\mariadb\jdbc\mariadb-java-client\2.6.2\mariadb-java-client-2.6.2.jar;"/>
    <property name="java.vm.vendor" value="Oracle Corporation"/>
    <property name="sun.arch.data.model" value="64"/>
    <property name="user.variant" value=""/>
    <property name="java.vendor.url" value="https://java.oracle.com/"/>
    <property name="user.timezone" value="Europe/Berlin"/>
    <property name="user.country.format" value="DE"/>
    <property name="os.name" value="Windows 10"/>
    <property name="java.vm.specification.version" value="13"/>
    <property name="sun.java.launcher" value="SUN_STANDARD"/>
    <property name="user.country" value="US"/>
    <property name="sun.boot.library.path" value="C:\Users\I518189\OneDrive - SAP SE\Documents\HWG Lu\aktuelleThemenDerIT\jdk-13.0.2\bin"/>
    <property name="sun.java.command" value="C:\Users\I518189\AppData\Local\Temp\surefire14287825134117637455\surefirebooter8993215865611261612.jar C:\Users\I518189\AppData\Local\Temp\surefire14287825134117637455 2020-11-02T20-51-10_906-jvmRun1 surefire4219018688086240254tmp surefire_016625847833019897886tmp"/>
    <property name="jdk.debug" value="release"/>
    <property name="surefire.test.class.path" value="C:\Users\I518189\Documents\ATdIT\ATdITGruppe2\repository\ATdITGruppe2\ATdITGruppe2Maven\target\test-classes;C:\Users\I518189\Documents\ATdIT\ATdITGruppe2\repository\ATdITGruppe2\ATdITGruppe2Maven\target\classes;C:\Users\I518189\.m2\repository\org\junit\jupiter\junit-jupiter-api\5.4.2\junit-jupiter-api-5.4.2.jar;C:\Users\I518189\.m2\repository\org\apiguardian\apiguardian-api\1.0.0\apiguardian-api-1.0.0.jar;C:\Users\I518189\.m2\repository\org\opentest4j\opentest4j\1.1.1\opentest4j-1.1.1.jar;C:\Users\I518189\.m2\repository\org\junit\platform\junit-platform-commons\1.4.2\junit-platform-commons-1.4.2.jar;C:\Users\I518189\.m2\repository\org\junit\jupiter\junit-jupiter-engine\5.4.2\junit-jupiter-engine-5.4.2.jar;C:\Users\I518189\.m2\repository\org\junit\platform\junit-platform-engine\1.4.2\junit-platform-engine-1.4.2.jar;C:\Users\I518189\.m2\repository\org\mariadb\jdbc\mariadb-java-client\2.6.2\mariadb-java-client-2.6.2.jar;"/>
    <property name="sun.cpu.endian" value="little"/>
    <property name="user.home" value="C:\Users\I518189"/>
    <property name="user.language" value="en"/>
    <property name="java.specification.vendor" value="Oracle Corporation"/>
    <property name="java.version.date" value="2020-01-14"/>
    <property name="java.home" value="C:\Users\I518189\OneDrive - SAP SE\Documents\HWG Lu\aktuelleThemenDerIT\jdk-13.0.2"/>
    <property name="file.separator" value="\"/>
    <property name="basedir" value="C:\Users\I518189\Documents\ATdIT\ATdITGruppe2\repository\ATdITGruppe2\ATdITGruppe2Maven"/>
    <property name="java.vm.compressedOopsMode" value="Zero based"/>
    <property name="line.separator" value="&#10;"/>
    <property name="java.vm.specification.vendor" value="Oracle Corporation"/>
    <property name="java.specification.name" value="Java Platform API Specification"/>
    <property name="surefire.real.class.path" value="C:\Users\I518189\AppData\Local\Temp\surefire14287825134117637455\surefirebooter8993215865611261612.jar"/>
    <property name="user.script" value=""/>
    <property name="sun.management.compiler" value="HotSpot 64-Bit Tiered Compilers"/>
    <property name="java.runtime.version" value="13.0.2+8"/>
    <property name="user.name" value="I518189"/>
    <property name="path.separator" value=";"/>
    <property name="os.version" value="10.0"/>
    <property name="java.runtime.name" value="OpenJDK Runtime Environment"/>
    <property name="file.encoding" value="Cp1252"/>
    <property name="java.vm.name" value="OpenJDK 64-Bit Server VM"/>
    <property name="localRepository" value="C:\Users\I518189\.m2\repository"/>
    <property name="java.vendor.url.bug" value="https://bugreport.java.com/bugreport/"/>
    <property name="java.io.tmpdir" value="C:\Users\I518189\AppData\Local\Temp\"/>
    <property name="java.version" value="13.0.2"/>
    <property name="user.dir" value="C:\Users\I518189\Documents\ATdIT\ATdITGruppe2\repository\ATdITGruppe2\ATdITGruppe2Maven"/>
    <property name="os.arch" value="amd64"/>
    <property name="java.vm.specification.name" value="Java Virtual Machine Specification"/>
    <property name="user.language.format" value="de"/>
    <property name="sun.os.patch.level" value=""/>
    <property name="java.library.path" value="C:\Users\I518189\OneDrive - SAP SE\Documents\HWG Lu\aktuelleThemenDerIT\jdk-13.0.2\bin;C:\WINDOWS\Sun\Java\bin;C:\WINDOWS\system32;C:\WINDOWS;C:/Users/I518189/OneDrive - SAP SE/Documents/HWG Lu/aktuelleThemenDerIT/jdk-13.0.2/bin/server;C:/Users/I518189/OneDrive - SAP SE/Documents/HWG Lu/aktuelleThemenDerIT/jdk-13.0.2/bin;C:\WINDOWS\system32;C:\WINDOWS;C:\WINDOWS\System32\Wbem;C:\WINDOWS\System32\WindowsPowerShell\v1.0\;C:\WINDOWS\System32\OpenSSH\;C:\Program Files\Cloud Foundry;C:\Program Files (x86)\Intel\Intel(R) Management Engine Components\DAL;C:\Program Files\Intel\Intel(R) Management Engine Components\DAL;C:\Program Files\Git\cmd;C:\Program Files\nodejs\;C:\Users\I518189\AppData\Local\Programs\Python\Python38-32\Scripts\;C:\Users\I518189\AppData\Local\Programs\Python\Python38-32\;C:\Users\I518189\AppData\Local\Microsoft\WindowsApps;C:\Users\I518189\Documents\PraxisphaseTelco\xs.onpremise.runtime.client_ntamd64-1.0.127\bin;C:\Users\I518189\OneDrive - SAP SE\Documents\PraxisphaseTelco\apache-maven-3.6.3-bin\apache-maven-3.6.3\bin;C:\sapjvm_8\bin;C:\Users\I518189\AppData\Roaming\npm;C:\Program Files\nodejs;C:\Users\I518189\AppData\Local\GitHubDesktop\bin;C:\Users\I518189\AppData\Local\Microsoft\WindowsApps;;C:\Users\I518189\OneDrive - SAP SE\Desktop;;."/>
    <property name="java.vm.info" value="mixed mode, sharing"/>
    <property name="java.vendor" value="Oracle Corporation"/>
    <property name="java.vm.version" value="13.0.2+8"/>
    <property name="sun.io.unicode.encoding" value="UnicodeLittle"/>
    <property name="java.class.version" value="57.0"/>
  </properties>
  <testcase name="testEmptyInput" classname="tests.IsValidRegistrationTest" time="0.4"/>
  <testcase name="testValidInput" classname="tests.IsValidRegistrationTest" time="0.501">
    <failure message="expected: &lt;true&gt; but was: &lt;false&gt;" type="org.opentest4j.AssertionFailedError"><![CDATA[org.opentest4j.AssertionFailedError: expected: <true> but was: <false>
	at tests.IsValidRegistrationTest.testValidInput(IsValidRegistrationTest.java:67)
]]></failure>
  </testcase>
  <testcase name="testDifferentPasswords" classname="tests.IsValidRegistrationTest" time="0.385"/>
</testsuite>